\BOOKMARK [0][-]{chapter.1}{\376\377\131\015\123\330\121\375\145\160}{}% 1
\BOOKMARK [1][-]{section.1.1}{\376\377\127\372\170\100}{chapter.1}% 2
\BOOKMARK [2][-]{subsection.1.1.1}{\376\377\131\015\145\160\166\204\121\340\117\125\210\150\171\072\060\001\147\201\127\120\150\007\210\150\171\072\060\001\143\007\145\160\210\150\171\072}{section.1.1}% 3
\BOOKMARK [2][-]{subsection.1.1.2}{\376\377\136\070\211\301\122\035\173\111\121\375\145\160}{section.1.1}% 4
\BOOKMARK [1][-]{section.1.2}{\376\377\211\343\147\220\121\375\145\160}{chapter.1}% 5
\BOOKMARK [2][-]{subsection.1.2.1}{\376\377\000C\000a\000u\000c\000h\000y\000-\000R\000i\000e\000m\000a\000n\000n\147\141\116\366}{section.1.2}% 6
\BOOKMARK [2][-]{subsection.1.2.2}{\376\377\211\343\147\220\140\047\215\050}{section.1.2}% 7
\BOOKMARK [1][-]{section.1.3}{\376\377\131\032\120\074\121\375\145\160}{chapter.1}% 8
\BOOKMARK [0][-]{chapter.2}{\376\377\131\015\123\330\171\357\122\006}{}% 9
\BOOKMARK [1][-]{section.2.1}{\376\377\131\015\123\330\171\357\122\006}{chapter.2}% 10
\BOOKMARK [1][-]{section.2.2}{\376\377\000C\000a\000u\000c\000h\000y\000\040\133\232\164\006}{chapter.2}% 11
\BOOKMARK [2][-]{subsection.2.2.1}{\376\377\123\125\220\032\217\336\123\072\127\337\147\357\211\177\133\232\164\006}{section.2.2}% 12
\BOOKMARK [2][-]{subsection.2.2.2}{\376\377\131\015\217\336\220\032\123\072\127\337\147\357\211\177\133\232\164\006}{section.2.2}% 13
\BOOKMARK [2][-]{subsection.2.2.3}{\376\377\116\015\133\232\171\357\122\006}{section.2.2}% 14
\BOOKMARK [1][-]{section.2.3}{\376\377\134\017\127\006\137\047\124\214\131\047\127\006\137\047\137\025\164\006}{chapter.2}% 15
\BOOKMARK [1][-]{section.2.4}{\376\377\000C\000a\000u\000c\000h\000y\000\040\171\357\122\006\121\154\137\017}{chapter.2}% 16
\BOOKMARK [2][-]{subsection.2.4.1}{\376\377\147\011\165\114\225\355\123\072\127\337}{section.2.4}% 17
\BOOKMARK [2][-]{subsection.2.4.2}{\376\377\145\340\165\114\123\072\127\337}{section.2.4}% 18
\BOOKMARK [2][-]{subsection.2.4.3}{\376\377\000C\000a\000u\000c\000h\000y\000\040\171\357\122\006\121\154\137\017\166\204\232\330\226\066\133\374\145\160\137\142\137\017}{section.2.4}% 19
\BOOKMARK [0][-]{chapter.3}{\376\377\176\247\145\160\134\125\137\000}{}% 20
\BOOKMARK [1][-]{section.3.1}{\376\377\136\102\176\247\145\160}{chapter.3}% 21
\BOOKMARK [1][-]{section.3.2}{\376\377\211\343\147\220\121\375\145\160\166\204\000T\000y\000l\000o\000r\134\125\137\000}{chapter.3}% 22
\BOOKMARK [1][-]{section.3.3}{\376\377\211\343\147\220\121\375\145\160\166\204\000L\000a\000u\000r\000e\000n\000t\134\125\137\000}{chapter.3}% 23
\BOOKMARK [1][-]{section.3.4}{\376\377\133\144\172\313\131\107\160\271\166\204\122\006\174\173}{chapter.3}% 24
\BOOKMARK [0][-]{chapter.4}{\376\377\165\131\145\160\133\232\164\006}{}% 25
\BOOKMARK [1][-]{section.4.1}{\376\377\165\131\145\160\133\232\164\006}{chapter.4}% 26
\BOOKMARK [2][-]{subsection.4.1.1}{\376\377\147\011\164\006\116\011\211\322\121\375\145\160\166\204\171\357\122\006}{section.4.1}% 27
\BOOKMARK [2][-]{subsection.4.1.2}{\376\377\145\340\172\167\171\357\122\006}{section.4.1}% 28
\BOOKMARK [2][-]{subsection.4.1.3}{\376\377\124\053\116\011\211\322\121\375\145\160\166\204\145\340\172\167\171\357\122\006}{section.4.1}% 29
\BOOKMARK [1][-]{section.4.2}{\376\377\133\236\217\164\116\012\147\011\123\125\147\201\160\271}{chapter.4}% 30
\BOOKMARK [0][-]{chapter.5}{\376\377\120\205\221\314\123\366\123\330\143\142}{}% 31
\BOOKMARK [1][-]{section.5.1}{\376\377\120\205\221\314\123\366\176\247\145\160}{chapter.5}% 32
\BOOKMARK [2][-]{subsection.5.1.1}{\376\377\153\143\116\244\121\375\145\160\174\373}{section.5.1}% 33
\BOOKMARK [2][-]{subsection.5.1.2}{\376\377\124\150\147\037\121\375\145\160\166\204\120\205\221\314\123\366\176\247\145\160}{section.5.1}% 34
\BOOKMARK [2][-]{subsection.5.1.3}{\376\377\000D\000i\000r\000i\000c\000h\000l\000e\000t\145\066\145\133\133\232\164\006}{section.5.1}% 35
\BOOKMARK [2][-]{subsection.5.1.4}{\376\377\131\015\145\160\137\142\137\017\166\204\120\205\221\314\123\366\176\247\145\160}{section.5.1}% 36
\BOOKMARK [1][-]{section.5.2}{\376\377\120\205\221\314\123\3