\BOOKMARK [0][-]{chapter.1}{\376\377\000S\000e\000c\000r\000e\000t\000\040\000S\000h\000a\000r\000i\000n\000g}{}% 1
\BOOKMARK [1][-]{section.1.1}{\376\377\171\330\133\306\121\161\116\253}{chapter.1}% 2
\BOOKMARK [1][-]{section.1.2}{\376\377\000C\000o\000m\000b\000i\000n\000a\000t\000o\000r\000i\000a\000l\000\040\000M\000a\000t\000h\000e\000m\000a\000t\000i\000c\000s}{chapter.1}% 3
\BOOKMARK [1][-]{section.1.3}{\376\377\000S\000h\000a\000m\000i\000r\000'\000s\000\040\000T\000h\000r\000e\000s\000h\000o\000l\000d\000\040\000S\000c\000h\000e\000m\000e}{chapter.1}% 4
\BOOKMARK [2][-]{subsection.1.3.1}{\376\377\000L\000a\000g\000r\000a\000n\000g\000e\000\040\000P\000o\000l\000y\000n\000o\000m\000i\000a\000l\000\040\000i\000n\000t\000e\000r\000p\000o\000l\000a\000t\000i\000o\000n}{section.1.3}% 5
\BOOKMARK [2][-]{subsection.1.3.2}{\376\377\000S\000h\000a\000m\000i\000r\000\040\225\350\226\120\147\072\122\066\000\040\000\050\000t\000,\000n\000\051}{section.1.3}% 6
\BOOKMARK [1][-]{section.1.4}{\376\377\000A\000s\000m\000u\000t\000h\000-\000B\000l\000o\000o\000m\000'\000s\000\040\000T\000h\000r\000e\000s\000h\000o\000l\000d\000\040\000S\000c\000h\000e\000m\000e}{chapter.1}% 7
\BOOKMARK [2][-]{subsection.1.4.1}{\376\377\116\055\126\375\122\151\117\131\133\232\164\006}{section.1.4}% 8
\BOOKMARK [2][-]{subsection.1.4.2}{\376\377\000A\000s\000m\000u\000t\000h\000-\000B\000l\000o\000o\000m\225\350\226\120\147\072\122\066\000\040\000\050\000t\000,\000n\000\051}{section.1.4}% 9
\BOOKMARK [0][-]{chapter.2}{\376\377\000P\000a\000g\000e\000\040\000R\000a\000n\000k}{}% 10
\BOOKMARK [1][-]{section.2.1}{\376\377\177\121\230\165\221\315\211\201\136\246}{chapter.2}% 11
\BOOKMARK [1][-]{section.2.2}{\376\377\226\217\147\072\167\351\226\065}{chapter.2}% 12
\BOOKMARK [1][-]{section.2.3}{\376\377\224\376\143\245\167\351\226\065}{chapter.2}% 13
\BOOKMARK [2][-]{subsection.2.3.1}{\376\377\140\254\143\002\177\121\230\165\117\356\153\143}{section.2.3}% 14
\BOOKMARK [2][-]{subsection.2.3.2}{\376\377\131\032\211\343\117\356\153\143}{section.2.3}% 15
\BOOKMARK [2][-]{subsection.2.3.3}{\376\377\221\315\211\201\136\246\124\021\221\317\166\204\133\130\127\050\125\057\116\000\140\047}{section.2.3}% 16
\BOOKMARK [1][-]{section.2.4}{\376\377\167\351\226\065\213\241\173\227}{chapter.2}% 17
\BOOKMARK [2][-]{subsection.2.4.1}{\376\377\136\102\154\325\217\355\116\343}{section.2.4}% 18
\BOOKMARK [2][-]{subsection.2.4.2}{\376\377\133\214\121\150\153\143\060\001\122\027\226\217\147\072\167\351\226\065\166\204\136\102\154\325\145\066\145\133\140\047}{section.2.4}% 19
\BOOKMARK [1][-]{section.2.5}{\376\377\226\217\147\072\155\117\211\310}{chapter.2}% 20
\BOOKMARK [0][-]{chapter.3}{\376\377\145\160\213\272\116\016\176\304\124\010\152\041\127\213}{}% 21
\BOOKMARK [1][-]{section.3.1}{\376\377\000N\000i\000m\000\040\000G\000a\000m\000e}{chapter.3}% 22
\BOOKMARK [2][-]{subsection.3.1.1}{\376\377\117\115\120\074\122\066\213\241\145\160\154\325}{section.3.1}% 23
\BOOKMARK [2][-]{subsection.3.1.2}{\376\377\000N\000i\000m\000\040\000G\000a\000m\000e\166\204\137\305\200\334\173\126\165\145}{section.3.1}% 24
\BOOKMARK [1][-]{section.3.2}{\376\377\117\052\136\001\171\360\221\315\225\356\230\230}{chapter.3}% 25
\BOOKMARK [2][-]{subsection.3.2.1}{\376\377\201\352\220\002\136\224\145\271\150\110}{section.3.2}% 26
\BOOKMARK [2][-]{subsection.3.2.2}{\376\377\227\136\201\352\220\002\136\224\145\271\150\110}{section.3.2}% 27
\BOOKMARK [0][-]{chapter.4}{\376\377\226\217\147\072\152\041\127\213}{}% 28
\BOOKMARK [1][-]{section.4.1}{\376\377\165\276\165\305\150\300\155\113}{chapter.4}% 29
\BOOKMARK [2][-]{subsection.4.1.1}{\376\377\151\202\163\207\177\244\213\325\000\050\000g\000r\000o\000u\000p\000\040\000t\000e\000s\000t\000i\000n\000g\000\051}{section.4.1}% 30
\BOOKMARK [1][-]{section.4.2}{\376\377\000T\000h\000e\000\040\000M\000o\000n\000t\000y\000\040\000H\000a\000l\000l\000\040\000P\000r\000o\000b\000l\000e\000m}{chapter.4}% 31
